2019-10-01 14:36:26.644  INFO 2598 --- [restartedMain] c.n.t.TodoManagementToolApplication      : Starting TodoManagementToolApplication on vloof.localdomain with PID 2598 (/home/najeeb/Desktop/todo-management-tool/target/classes started by najeeb in /home/najeeb/Desktop/todo-management-tool)
2019-10-01 14:36:26.682 DEBUG 2598 --- [restartedMain] c.n.t.TodoManagementToolApplication      : Running with Spring Boot v2.1.8.RELEASE, Spring v5.1.9.RELEASE
2019-10-01 14:36:26.683  INFO 2598 --- [restartedMain] c.n.t.TodoManagementToolApplication      : No active profile set, falling back to default profiles: default
2019-10-01 14:36:26.950  INFO 2598 --- [restartedMain] .e.DevToolsPropertyDefaultsPostProcessor : Devtools property defaults active! Set 'spring.devtools.add-properties' to 'false' to disable
2019-10-01 14:36:26.951  INFO 2598 --- [restartedMain] .e.DevToolsPropertyDefaultsPostProcessor : For additional web related logging consider setting the 'logging.level.web' property to 'DEBUG'
2019-10-01 14:36:28.609  INFO 2598 --- [restartedMain] .s.d.r.c.RepositoryConfigurationDelegate : Bootstrapping Spring Data repositories in DEFAULT mode.
2019-10-01 14:36:28.714  INFO 2598 --- [restartedMain] .s.d.r.c.RepositoryConfigurationDelegate : Finished Spring Data repository scanning in 80ms. Found 3 repository interfaces.
2019-10-01 14:36:29.161  INFO 2598 --- [restartedMain] trationDelegate$BeanPostProcessorChecker : Bean 'org.springframework.transaction.annotation.ProxyTransactionManagementConfiguration' of type [org.springframework.transaction.annotation.ProxyTransactionManagementConfiguration$$EnhancerBySpringCGLIB$$dbdc0923] is not eligible for getting processed by all BeanPostProcessors (for example: not eligible for auto-proxying)
2019-10-01 14:36:29.645  INFO 2598 --- [restartedMain] o.s.b.w.embedded.tomcat.TomcatWebServer  : Tomcat initialized with port(s): 8080 (http)
2019-10-01 14:36:29.754  INFO 2598 --- [restartedMain] o.apache.catalina.core.StandardService   : Starting service [Tomcat]
2019-10-01 14:36:29.755  INFO 2598 --- [restartedMain] org.apache.catalina.core.StandardEngine  : Starting Servlet engine: [Apache Tomcat/9.0.24]
2019-10-01 14:36:30.076  INFO 2598 --- [restartedMain] org.apache.jasper.servlet.TldScanner     : At least one JAR was scanned for TLDs yet contained no TLDs. Enable debug logging for this logger for a complete list of JARs that were scanned but no TLDs were found in them. Skipping unneeded JARs during scanning can improve startup time and JSP compilation time.
2019-10-01 14:36:30.080  INFO 2598 --- [restartedMain] o.a.c.c.C.[Tomcat].[localhost].[/]       : Initializing Spring embedded WebApplicationContext
2019-10-01 14:36:30.080  INFO 2598 --- [restartedMain] o.s.web.context.ContextLoader            : Root WebApplicationContext: initialization completed in 3129 ms
2019-10-01 14:36:30.382  INFO 2598 --- [restartedMain] com.zaxxer.hikari.HikariDataSource       : HikariPool-1 - Starting...
2019-10-01 14:36:30.791  INFO 2598 --- [restartedMain] com.zaxxer.hikari.HikariDataSource       : HikariPool-1 - Start completed.
2019-10-01 14:36:33.914  INFO 2598 --- [restartedMain] j.LocalContainerEntityManagerFactoryBean : Initialized JPA EntityManagerFactory for persistence unit 'default'
2019-10-01 14:36:33.995  INFO 2598 --- [restartedMain] o.s.b.d.a.OptionalLiveReloadServer       : LiveReload server is running on port 35729
2019-10-01 14:36:34.805  INFO 2598 --- [restartedMain] o.s.s.web.DefaultSecurityFilterChain     : Creating filter chain: any request, [org.springframework.security.web.context.request.async.WebAsyncManagerIntegrationFilter@7b89f69, org.springframework.security.web.context.SecurityContextPersistenceFilter@78ed7c3b, org.springframework.security.web.header.HeaderWriterFilter@40038c0d, org.springframework.security.web.csrf.CsrfFilter@1b46b684, org.springframework.security.web.authentication.logout.LogoutFilter@7f976888, org.springframework.security.web.authentication.UsernamePasswordAuthenticationFilter@77c15607, org.springframework.security.web.savedrequest.RequestCacheAwareFilter@2a4a4369, org.springframework.security.web.servletapi.SecurityContextHolderAwareRequestFilter@57e4a786, org.springframework.security.web.authentication.AnonymousAuthenticationFilter@2d9fe984, org.springframework.security.web.session.SessionManagementFilter@676cc8a7, org.springframework.security.web.access.ExceptionTranslationFilter@7927aa22, org.springframework.security.web.access.intercept.FilterSecurityInterceptor@7979adf9]
2019-10-01 14:36:34.969  INFO 2598 --- [restartedMain] o.s.s.concurrent.ThreadPoolTaskExecutor  : Initializing ExecutorService 'applicationTaskExecutor'
2019-10-01 14:36:34.997  WARN 2598 --- [restartedMain] aWebConfiguration$JpaWebMvcConfiguration : spring.jpa.open-in-view is enabled by default. Therefore, database queries may be performed during view rendering. Explicitly configure spring.jpa.open-in-view to disable this warning
2019-10-01 14:36:35.296  INFO 2598 --- [restartedMain] o.s.b.w.embedded.tomcat.TomcatWebServer  : Tomcat started on port(s): 8080 (http) with context path ''
2019-10-01 14:36:35.298  INFO 2598 --- [restartedMain] c.n.t.TodoManagementToolApplication      : Started TodoManagementToolApplication in 45.808 seconds (JVM running for 57.783)
2019-10-01 14:37:20.097  INFO 2598 --- [http-nio-8080-exec-1] o.a.c.c.C.[Tomcat].[localhost].[/]       : Initializing Spring DispatcherServlet 'dispatcherServlet'
2019-10-01 14:37:20.098  INFO 2598 --- [http-nio-8080-exec-1] o.s.web.servlet.DispatcherServlet        : Initializing Servlet 'dispatcherServlet'
2019-10-01 14:37:20.125  INFO 2598 --- [http-nio-8080-exec-1] o.s.web.servlet.DispatcherServlet        : Completed initialization in 27 ms
2019-10-01 14:40:51.790  INFO 2598 --- [Thread-6] o.s.s.concurrent.ThreadPoolTaskExecutor  : Shutting down ExecutorService 'applicationTaskExecutor'
2019-10-01 14:40:51.791  INFO 2598 --- [Thread-6] j.LocalContainerEntityManagerFactoryBean : Closing JPA EntityManagerFactory for persistence unit 'default'
2019-10-01 14:40:51.794  INFO 2598 --- [Thread-6] com.zaxxer.hikari.HikariDataSource       : HikariPool-1 - Shutdown initiated...
2019-10-01 14:40:51.839  INFO 2598 --- [Thread-6] com.zaxxer.hikari.HikariDataSource       : HikariPool-1 - Shutdown completed.
2019-10-01 15:02:01.824  INFO 2598 --- [restartedMain] c.n.t.TodoManagementToolApplication      : Starting TodoManagementToolApplication on vloof.localdomain with PID 2598 (/home/najeeb/Desktop/todo-management-tool/target/classes started by najeeb in /home/najeeb/Desktop/todo-management-tool)
2019-10-01 15:02:01.873 DEBUG 2598 --- [restartedMain] c.n.t.TodoManagementToolApplication      : Running with Spring Boot v2.1.8.RELEASE, Spring v5.1.9.RELEASE
2019-10-01 15:02:01.873  INFO 2598 --- [restartedMain] c.n.t.TodoManagementToolApplication      : No active profile set, falling back to default profiles: default
2019-10-01 15:02:02.638  INFO 2598 --- [restartedMain] .s.d.r.c.RepositoryConfigurationDelegate : Bootstrapping Spring Data repositories in DEFAULT mode.
2019-10-01 15:02:02.721  INFO 2598 --- [restartedMain] .s.d.r.c.RepositoryConfigurationDelegate : Finished Spring Data repository scanning in 83ms. Found 3 repository interfaces.
2019-10-01 15:02:02.811  INFO 2598 --- [restartedMain] trationDelegate$BeanPostProcessorChecker : Bean 'org.springframework.transaction.annotation.ProxyTransactionManagementConfiguration' of type [org.springframework.transaction.annotation.ProxyTransactionManagementConfiguration$$EnhancerBySpringCGLIB$$dbdc0923] is not eligible for getting processed by all BeanPostProcessors (for example: not eligible for auto-proxying)
2019-10-01 15:02:04.086  INFO 2598 --- [restartedMain] o.s.b.w.embedded.tomcat.TomcatWebServer  : Tomcat initialized with port(s): 8080 (http)
2019-10-01 15:02:04.087  INFO 2598 --- [restartedMain] o.apache.catalina.core.StandardService   : Starting service [Tomcat]
2019-10-01 15:02:04.087  INFO 2598 --- [restartedMain] org.apache.catalina.core.StandardEngine  : Starting Servlet engine: [Apache Tomcat/9.0.24]
2019-10-01 15:02:04.199  INFO 2598 --- [restartedMain] org.apache.jasper.servlet.TldScanner     : At least one JAR was scanned for TLDs yet contained no TLDs. Enable debug logging for this logger for a complete list of JARs that were scanned but no TLDs were found in them. Skipping unneeded JARs during scanning can improve startup time and JSP compilation time.
2019-10-01 15:02:04.200  INFO 2598 --- [restartedMain] o.a.c.c.C.[Tomcat].[localhost].[/]       : Initializing Spring embedded WebApplicationContext
2019-10-01 15:02:04.201  INFO 2598 --- [restartedMain] o.s.web.context.ContextLoader            : Root WebApplicationContext: initialization completed in 2326 ms
2019-10-01 15:02:04.266  INFO 2598 --- [restartedMain] com.zaxxer.hikari.HikariDataSource       : HikariPool-3 - Starting...
2019-10-01 15:02:04.601  INFO 2598 --- [restartedMain] com.zaxxer.hikari.HikariDataSource       : HikariPool-3 - Start completed.
2019-10-01 15:02:05.478  INFO 2598 --- [restartedMain] j.LocalContainerEntityManagerFactoryBean : Initialized JPA EntityManagerFactory for persistence unit 'default'
2019-10-01 15:02:05.491  INFO 2598 --- [restartedMain] o.s.b.d.a.OptionalLiveReloadServer       : LiveReload server is running on port 35729
2019-10-01 15:02:05.680  INFO 2598 --- [restartedMain] o.s.s.web.DefaultSecurityFilterChain     : Creating filter chain: any request, [org.springframework.security.web.context.request.async.WebAsyncManagerIntegrationFilter@65a1e686, org.springframework.security.web.context.SecurityContextPersistenceFilter@44363f98, org.springframework.security.web.header.HeaderWriterFilter@57bd8da8, org.springframework.security.web.csrf.CsrfFilter@4b3e59f7, org.springframework.security.web.authentication.logout.LogoutFilter@62fdb21, org.springframework.security.web.authentication.UsernamePasswordAuthenticationFilter@704acb3, org.springframework.security.web.savedrequest.RequestCacheAwareFilter@313716a0, org.springframework.security.web.servletapi.SecurityContextHolderAwareRequestFilter@a5c0de3, org.springframework.security.web.authentication.AnonymousAuthenticationFilter@4e4ffc5f, org.springframework.security.web.session.SessionManagementFilter@7dfe3031, org.springframework.security.web.access.ExceptionTranslationFilter@d1f1d7b, org.springframework.security.web.access.intercept.FilterSecurityInterceptor@2dd64d3d]
2019-10-01 15:02:05.732  INFO 2598 --- [restartedMain] o.s.s.concurrent.ThreadPoolTaskExecutor  : Initializing ExecutorService 'applicationTaskExecutor'
2019-10-01 15:02:05.736  WARN 2598 --- [restartedMain] aWebConfiguration$JpaWebMvcConfiguration : spring.jpa.open-in-view is enabled by default. Therefore, database queries may be performed during view rendering. Explicitly configure spring.jpa.open-in-view to disable this warning
2019-10-01 15:02:05.824  INFO 2598 --- [restartedMain] o.s.b.w.embedded.tomcat.TomcatWebServer  : Tomcat started on port(s): 8080 (http) with context path ''
2019-10-01 15:02:05.825  INFO 2598 --- [restartedMain] c.n.t.TodoManagementToolApplication      : Started TodoManagementToolApplication in 9.149 seconds (JVM running for 1588.31)
2019-10-01 15:02:05.828  INFO 2598 --- [restartedMain] .ConditionEvaluationDeltaLoggingListener : Condition evaluation unchanged
2019-10-01 15:02:44.340  INFO 2598 --- [http-nio-8080-exec-1] o.a.c.c.C.[Tomcat].[localhost].[/]       : Initializing Spring DispatcherServlet 'dispatcherServlet'
2019-10-01 15:02:44.341  INFO 2598 --- [http-nio-8080-exec-1] o.s.web.servlet.DispatcherServlet        : Initializing Servlet 'dispatcherServlet'
2019-10-01 15:02:44.345  INFO 2598 --- [http-nio-8080-exec-1] o.s.web.servlet.DispatcherServlet        : Completed initialization in 4 ms
2019-10-01 15:18:01.994  INFO 2598 --- [Thread-23] o.s.s.concurrent.ThreadPoolTaskExecutor  : Shutting down ExecutorService 'applicationTaskExecutor'
2019-10-01 15:18:01.994  INFO 2598 --- [Thread-23] j.LocalContainerEntityManagerFactoryBean : Closing JPA EntityManagerFactory for persistence unit 'default'
2019-10-01 15:18:01.995  INFO 2598 --- [Thread-23] com.zaxxer.hikari.HikariDataSource       : HikariPool-3 - Shutdown initiated...
2019-10-01 15:18:01.999  INFO 2598 --- [Thread-23] com.zaxxer.hikari.HikariDataSource       : HikariPool-3 - Shutdown completed.
2019-10-01 15:18:02.325  INFO 2598 --- [restartedMain] c.n.t.TodoManagementToolApplication      : Starting TodoManagementToolApplication on vloof.localdomain with PID 2598 (/home/najeeb/Desktop/todo-management-tool/target/classes started by najeeb in /home/najeeb/Desktop/todo-management-tool)
2019-10-01 15:18:02.325 DEBUG 2598 --- [restartedMain] c.n.t.TodoManagementToolApplication      : Running with Spring Boot v2.1.8.RELEASE, Spring v5.1.9.RELEASE
2019-10-01 15:18:02.325  INFO 2598 --- [restartedMain] c.n.t.TodoManagementToolApplication      : No active profile set, falling back to default profiles: default
2019-10-01 15:18:02.571  INFO 2598 --- [restartedMain] .s.d.r.c.RepositoryConfigurationDelegate : Bootstrapping Spring Data repositories in DEFAULT mode.
2019-10-01 15:18:02.591  INFO 2598 --- [restartedMain] .s.d.r.c.RepositoryConfigurationDelegate : Finished Spring Data repository scanning in 19ms. Found 3 repository interfaces.
2019-10-01 15:18:02.691  INFO 2598 --- [restartedMain] trationDelegate$BeanPostProcessorChecker : Bean 'org.springframework.transaction.annotation.ProxyTransactionManagementConfiguration' of type [org.springframework.transaction.annotation.ProxyTransactionManagementConfiguration$$EnhancerBySpringCGLIB$$dbdc0923] is not eligible for getting processed by all BeanPostProcessors (for example: not eligible for auto-proxying)
2019-10-01 15:18:02.778  INFO 2598 --- [restartedMain] o.s.b.w.embedded.tomcat.TomcatWebServer  : Tomcat initialized with port(s): 8080 (http)
2019-10-01 15:18:02.779  INFO 2598 --- [restartedMain] o.apache.catalina.core.StandardService   : Starting service [Tomcat]
2019-10-01 15:18:02.779  INFO 2598 --- [restartedMain] org.apache.catalina.core.StandardEngine  : Starting Servlet engine: [Apache Tomcat/9.0.24]
2019-10-01 15:18:02.880  INFO 2598 --- [restartedMain] org.apache.jasper.servlet.TldScanner     : At least one JAR was scanned for TLDs yet contained no TLDs. Enable debug logging for this logger for a complete list of JARs that were scanned but no TLDs were found in them. Skipping unneeded JARs during scanning can improve startup time and JSP compilation time.
2019-10-01 15:18:02.882  INFO 2598 --- [restartedMain] o.a.c.c.C.[Tomcat].[localhost].[/]       : Initializing Spring embedded WebApplicationContext
2019-10-01 15:18:02.882  INFO 2598 --- [restartedMain] o.s.web.context.ContextLoader            : Root WebApplicationContext: initialization completed in 555 ms
2019-10-01 15:18:02.979  INFO 2598 --- [restartedMain] com.zaxxer.hikari.HikariDataSource       : HikariPool-4 - Starting...
2019-10-01 15:18:03.011  INFO 2598 --- [restartedMain] com.zaxxer.hikari.HikariDataSource       : HikariPool-4 - Start completed.
2019-10-01 15:18:03.149  INFO 2598 --- [restartedMain] j.LocalContainerEntityManagerFactoryBean : Initialized JPA EntityManagerFactory for persistence unit 'default'
2019-10-01 15:18:03.165  INFO 2598 --- [restartedMain] o.s.b.d.a.OptionalLiveReloadServer       : LiveReload server is running on port 35729
2019-10-01 15:18:03.296  INFO 2598 --- [restartedMain] o.s.s.web.DefaultSecurityFilterChain     : Creating filter chain: any request, [org.springframework.security.web.context.request.async.WebAsyncManagerIntegrationFilter@76c4ee57, org.springframework.security.web.context.SecurityContextPersistenceFilter@44fa91b5, org.springframework.security.web.header.HeaderWriterFilter@79764a91, org.springframework.security.web.csrf.CsrfFilter@296c4c2, org.springframework.security.web.authentication.logout.LogoutFilter@2767374e, org.springframework.security.web.authentication.UsernamePasswordAuthenticationFilter@6f4cc9ca, org.springframework.security.web.savedrequest.RequestCacheAwareFilter@6b2a66d7, org.springframework.security.web.servletapi.SecurityContextHolderAwareRequestFilter@20c39be1, org.springframework.security.web.authentication.AnonymousAuthenticationFilter@95da628, org.springframework.security.web.session.SessionManagementFilter@70feebbc, org.springframework.security.web.access.ExceptionTranslationFilter@4c3c687d, org.springframework.security.web.access.intercept.FilterSecurityInterceptor@14034f6c]
2019-10-01 15:18:03.345  INFO 2598 --- [restartedMain] o.s.s.concurrent.ThreadPoolTaskExecutor  : Initializing ExecutorService 'applicationTaskExecutor'
2019-10-01 15:18:03.351  WARN 2598 --- [restartedMain] aWebConfiguration$JpaWebMvcConfiguration : spring.jpa.open-in-view is enabled by default. Therefore, database queries may be performed during view rendering. Explicitly configure spring.jpa.open-in-view to disable this warning
2019-10-01 15:18:03.417  INFO 2598 --- [restartedMain] o.s.b.w.embedded.tomcat.TomcatWebServer  : Tomcat started on port(s): 8080 (http) with context path ''
2019-10-01 15:18:03.611  INFO 2598 --- [restartedMain] c.n.t.TodoManagementToolApplication      : Started TodoManagementToolApplication in 1.126 seconds (JVM running for 2545.903)
2019-10-01 15:18:03.615  INFO 2598 --- [restartedMain] .ConditionEvaluationDeltaLoggingListener : Condition evaluation unchanged
2019-10-01 15:18:05.783  INFO 2598 --- [http-nio-8080-exec-1] o.a.c.c.C.[Tomcat].[localhost].[/]       : Initializing Spring DispatcherServlet 'dispatcherServlet'
2019-10-01 15:18:05.783  INFO 2598 --- [http-nio-8080-exec-1] o.s.web.servlet.DispatcherServlet        : Initializing Servlet 'dispatcherServlet'
2019-10-01 15:18:05.793  INFO 2598 --- [http-nio-8080-exec-1] o.s.web.servlet.DispatcherServlet        : Completed initialization in 9 ms
